<?xml version="1.0" encoding="UTF-8"?>
<!-- Generated by org.testng.reporters.JUnitReportReporter -->
<testsuite hostname="DESKTOP-VSND1SR" name="Sampletestng.NewTest1" tests="1" failures="0" timestamp="5 Nov 2017 17:07:38 GMT" time="26.540" errors="0">
  <testcase name="f" time="26.540" classname="Sampletestng.NewTest1"/>
</testsuite> <!-- Sampletestng.NewTest1 -->
